<?xml version="1.0" encoding="UTF-8"?>
<!-- Generated by org.testng.reporters.JUnitXMLReporter -->
<testsuite hostname="vibhapuri" failures="1" tests="7" name="Smoke" time="96.11" errors="0" timestamp="24 Jul 2023 09:45:58 GMT">
  <testcase classname="com.ecstore.testcases.SearchResultTest" name="searchProduct" time="3.508"/>
  <testcase classname="com.ecstore.testcases.LoginPageTest" name="loginTest" time="7.498"/>
  <testcase classname="com.ecstore.testcases.HomePageTest" name="verifyLogo" time="0.09"/>
  <testcase classname="com.ecstore.testcases.HomePageTest" name="verifyTitle" time="0.013"/>
  <testcase classname="com.ecstore.testcases.HomePageTest" name="verifyTitleError" time="0.008">
    <failure type="java.lang.AssertionError" message="expected:&amp;lt;Home Page&amp;gt; but was:&amp;lt;Home Page1&amp;gt;">
      <![CDATA[java.lang.AssertionError: expected:<Home Page> but was:<Home Page1>
	at com.ecstore.testcases.HomePageTest.verifyTitleError(HomePageTest.java:49)
... Removed 26 stack frames]]>
    </failure>
  </testcase> <!-- verifyTitleError -->
  <testcase classname="com.ecstore.testcases.MyAccountPageTest" name="validateOrderHistory" time="11.894"/>
  <testcase classname="com.ecstore.testcases.MyAccountPageTest" name="validateWishList" time="11.404"/>
</testsuite> <!-- Smoke -->
