<?xml version="1.0" encoding="UTF-8"?>
<!-- Generated by org.testng.reporters.JUnitXMLReporter -->
<testsuite hostname="IN-C02FWB4XMD6M.local" name="Test" tests="15" failures="4" timestamp="2 May 2023 16:08:08 GMT" time="396.428" errors="0">
  <testcase name="searchProduct" time="5.492" classname="com.ecstore.testcases.SearchResultTest"/>
  <testcase name="validateOrderHistory" time="9.678" classname="com.ecstore.testcases.MyAccountPageTest"/>
  <testcase name="validateWishList" time="9.442" classname="com.ecstore.testcases.MyAccountPageTest"/>
  <testcase name="addToCartTest" time="8.257" classname="com.ecstore.testcases.AddToCartTest"/>
  <testcase name="addToCartTest" time="8.507" classname="com.ecstore.testcases.AddToCartTest"/>
  <testcase name="createAccountTest" time="6.364" classname="com.ecstore.testcases.CustomerAccountCreationTest">
    <failure type="java.lang.AssertionError" message="expected [https://magento.softwaretestingboard.com/customer/account/create/] but found [https://magento.softwaretestingboard.com/customer/account/]">
      <![CDATA[java.lang.AssertionError: expected [https://magento.softwaretestingboard.com/customer/account/create/] but found [https://magento.softwaretestingboard.com/customer/account/]
	at com.ecstore.testcases.CustomerAccountCreationTest.createAccountTest(CustomerAccountCreationTest.java:87)
... Removed 29 stack frames]]>
    </failure>
  </testcase> <!-- createAccountTest -->
  <testcase name="createAccountTest" time="6.959" classname="com.ecstore.testcases.CustomerAccountCreationTest">
    <failure type="java.lang.AssertionError" message="expected [https://magento.softwaretestingboard.com/customer/account/create/] but found [https://magento.softwaretestingboard.com/customer/account/]">
      <![CDATA[java.lang.AssertionError: expected [https://magento.softwaretestingboard.com/customer/account/create/] but found [https://magento.softwaretestingboard.com/customer/account/]
	at com.ecstore.testcases.CustomerAccountCreationTest.createAccountTest(CustomerAccountCreationTest.java:87)
... Removed 29 stack frames]]>
    </failure>
  </testcase> <!-- createAccountTest -->
  <testcase name="verifyCustomerNewAccountCreation" time="3.97" classname="com.ecstore.testcases.CustomerAccountCreationTest"/>
  <testcase name="loginTest" time="7.097" classname="com.ecstore.testcases.LoginPageTest"/>
  <testcase name="verifyOrderConfirmation" time="91.885" classname="com.ecstore.testcases.OrderConfirmedTest">
    <failure type="org.openqa.selenium.TimeoutException" message="Expected condition failed: waiting for visibility of [[ChromeDriver: chrome on MAC (866e48302571329743ba73e9854dbe61)] -&amp;gt; xpath: //span[text()=&amp;apos;Place Order&amp;apos;]] (tried for 60 second(s) with 500 milliseconds interval)">
      <![CDATA[org.openqa.selenium.TimeoutException: Expected condition failed: waiting for visibility of [[ChromeDriver: chrome on MAC (866e48302571329743ba73e9854dbe61)] -> xpath: //span[text()='Place Order']] (tried for 60 second(s) with 500 milliseconds interval)
	at org.openqa.selenium.support.ui.WebDriverWait.timeoutException(WebDriverWait.java:87)
	at org.openqa.selenium.support.ui.FluentWait.until(FluentWait.java:231)
	at com.ecstore.webdriveractions.WebActions.explicitWait(WebActions.java:702)
	at com.ecstore.pageobjects.ReviewAndPaymentPage.clickOnSignIn(ReviewAndPaymentPage.java:22)
	at com.ecstore.testcases.OrderConfirmedTest.verifyOrderConfirmation(OrderConfirmedTest.java:75)
Caused by: org.openqa.selenium.NoSuchElementException: no such element: Unable to locate element: {"method":"xpath","selector":"//span[text()='Place Order']"}
  (Session info: chrome=112.0.5615.137)
For documentation on this error, please visit: https://selenium.dev/exceptions/#no_such_element
Build info: version: '4.8.3', revision: 'e5e76298c3'
System info: os.name: 'Mac OS X', os.arch: 'x86_64', os.version: '10.16', java.version: '1.8.0_301'
Driver info: org.openqa.selenium.chrome.ChromeDriver
Command: [866e48302571329743ba73e9854dbe61, findElement {using=xpath, value=//span[text()='Place Order']}]
Capabilities {acceptInsecureCerts: false, browserName: chrome, browserVersion: 112.0.5615.137, chrome: {chromedriverVersion: 112.0.5615.49 (bd2a7bcb881c..., userDataDir: /var/folders/12/nh0c3x4s7ll...}, goog:chromeOptions: {debuggerAddress: localhost:56595}, networkConnectionEnabled: false, pageLoadStrategy: normal, platformName: MAC, proxy: Proxy(), se:cdp: ws://localhost:56595/devtoo..., se:cdpVersion: 112.0.5615.137, setWindowRect: true, strictFileInteractability: false, timeouts: {implicit: 0, pageLoad: 300000, script: 30000}, unhandledPromptBehavior: dismiss and notify, webauthn:extension:credBlob: true, webauthn:extension:largeBlob: true, webauthn:extension:minPinLength: true, webauthn:extension:prf: true, webauthn:virtualAuthenticators: true}
Session ID: 866e48302571329743ba73e9854dbe61
	at org.openqa.selenium.remote.codec.w3c.W3CHttpResponseCodec.createException(W3CHttpResponseCodec.java:200)
	at org.openqa.selenium.remote.codec.w3c.W3CHttpResponseCodec.decode(W3CHttpResponseCodec.java:133)
	at org.openqa.selenium.remote.codec.w3c.W3CHttpResponseCodec.decode(W3CHttpResponseCodec.java:53)
	at org.openqa.selenium.remote.HttpCommandExecutor.execute(HttpCommandExecutor.java:193)
	at org.openqa.selenium.remote.service.DriverCommandExecutor.invokeExecute(DriverCommandExecutor.java:183)
	at org.openqa.selenium.remote.service.DriverCommandExecutor.execute(DriverCommandExecutor.java:158)
	at org.openqa.selenium.remote.RemoteWebDriver.execute(RemoteWebDriver.java:543)
	at org.openqa.selenium.remote.ElementLocation$ElementFinder$2.findElement(ElementLocation.java:162)
	at org.openqa.selenium.remote.ElementLocation.findElement(ElementLocation.java:60)
	at org.openqa.selenium.remote.RemoteWebDriver.findElement(RemoteWebDriver.java:352)
	at org.openqa.selenium.remote.RemoteWebDriver.findElement(RemoteWebDriver.java:344)
	at org.openqa.selenium.support.pagefactory.DefaultElementLocator.findElement(DefaultElementLocator.java:70)
	at org.openqa.selenium.support.pagefactory.internal.LocatingElementHandler.invoke(LocatingElementHandler.java:39)
	at com.sun.proxy.$Proxy18.isDisplayed(Unknown Source)
	at org.openqa.selenium.support.ui.ExpectedConditions.elementIfVisible(ExpectedConditions.java:307)
	at org.openqa.selenium.support.ui.ExpectedConditions.access$000(ExpectedConditions.java:40)
	at org.openqa.selenium.support.ui.ExpectedConditions$10.apply(ExpectedConditions.java:293)
	at org.openqa.selenium.support.ui.ExpectedConditions$10.apply(ExpectedConditions.java:290)
	at org.openqa.selenium.support.ui.FluentWait.until(FluentWait.java:208)
	... 27 more
... Removed 28 stack frames]]>
    </failure>
  </testcase> <!-- verifyOrderConfirmation -->
  <testcase name="verifyOrderConfirmation" time="45.407" classname="com.ecstore.testcases.OrderConfirmedTest"/>
  <testcase name="verifyLogo" time="0.042" classname="com.ecstore.testcases.HomePageTest"/>
  <testcase name="verifyTitle" time="0.005" classname="com.ecstore.testcases.HomePageTest"/>
  <testcase name="verifyTitleError" time="0.005" classname="com.ecstore.testcases.HomePageTest">
    <failure type="java.lang.AssertionError" message="expected:&amp;lt;Home Page&amp;gt; but was:&amp;lt;Home Page1&amp;gt;">
      <![CDATA[java.lang.AssertionError: expected:<Home Page> but was:<Home Page1>
	at com.ecstore.testcases.HomePageTest.verifyTitleError(HomePageTest.java:49)
... Removed 26 stack frames]]>
    </failure>
  </testcase> <!-- verifyTitleError -->
  <testcase name="verifyTotalPrice" time="12.585" classname="com.ecstore.testcases.ShoppingCartTest"/>
</testsuite> <!-- Test -->
