<!DOCTYPE html PUBLIC "-//W3C//DTD XHTML 1.1//EN" "http://www.w3.org/TR/xhtml11/DTD/xhtml11.dtd">
<html xmlns="http://www.w3.org/1999/xhtml"><head><title>TestNG Report</title><style type="text/css">table {margin-bottom:10px;border-collapse:collapse;empty-cells:show}th,td {border:1px solid #009;padding:.25em .5em}th {vertical-align:bottom}td {vertical-align:top}table a {font-weight:bold}.stripe td {background-color: #E6EBF9}.num {text-align:right}.passedodd td {background-color: #3F3}.passedeven td {background-color: #0A0}.skippedodd td {background-color: #DDD}.skippedeven td {background-color: #CCC}.failedodd td,.attn {background-color: #F33}.failedeven td,.stripe .attn {background-color: #D00}.stacktrace {white-space:pre;font-family:monospace}.totop {font-size:85%;text-align:center;border-bottom:2px solid #000}</style></head><body><table><tr><th>Test</th><th># Passed</th><th># Skipped</th><th># Failed</th><th>Time (ms)</th><th>Included Groups</th><th>Excluded Groups</th></tr><tr><th colspan="7">Suite</th></tr><tr><td><a href="#t0">Test</a></td><td class="num">10</td><td class="num attn">2</td><td class="num attn">3</td><td class="num">760,196</td><td></td><td></td></tr></table><table><thead><tr><th>Class</th><th>Method</th><th>Start</th><th>Time (ms)</th></tr></thead><tbody><tr><th colspan="4">Suite</th></tr></tbody><tbody id="t0"><tr><th colspan="4">Test &#8212; failed (configuration methods)</th></tr><tr class="failedeven"><td rowspan="1">com.ecstore.testcases.AddToCartTest</td><td><a href="#m0">setup</a></td><td rowspan="1">1690139284055</td><td rowspan="1">0</td></tr><tr class="failedodd"><td rowspan="1">com.ecstore.testcases.SearchResultTest</td><td><a href="#m1">setup</a></td><td rowspan="1">1690139098922</td><td rowspan="1">0</td></tr><tr><th colspan="4">Test &#8212; failed</th></tr><tr class="failedeven"><td rowspan="2">com.ecstore.testcases.CustomerAccountCreationTest</td><td><a href="#m2">createAccountTest</a></td><td rowspan="2">1690139301093</td><td rowspan="2">23978</td></tr><tr class="failedeven"><td><a href="#m3">createAccountTest</a></td></tr><tr class="failedodd"><td rowspan="1">com.ecstore.testcases.HomePageTest</td><td><a href="#m4">verifyTitleError</a></td><td rowspan="1">1690139776279</td><td rowspan="1">265</td></tr><tr><th colspan="4">Test &#8212; skipped (configuration methods)</th></tr><tr class="skippedeven"><td rowspan="2">com.ecstore.testcases.AddToCartTest</td><td><a href="#m5">afterSuite</a></td><td rowspan="1">1690139861456</td><td rowspan="1">0</td></tr><tr class="skippedeven"><td><a href="#m6">tearDown</a></td><td rowspan="1">1690139289157</td><td rowspan="1">0</td></tr><tr class="skippedodd"><td rowspan="1">com.ecstore.testcases.SearchResultTest</td><td><a href="#m7">tearDown</a></td><td rowspan="1">1690139148230</td><td rowspan="1">0</td></tr><tr><th colspan="4">Test &#8212; skipped</th></tr><tr class="skippedeven"><td rowspan="1">com.ecstore.testcases.AddToCartTest</td><td><a href="#m8">addToCartTest</a></td><td rowspan="1">1690139289151</td><td rowspan="1">3</td></tr><tr class="skippedodd"><td rowspan="1">com.ecstore.testcases.SearchResultTest</td><td><a href="#m9">searchProduct</a></td><td rowspan="1">1690139148210</td><td rowspan="1">16</td></tr><tr><th colspan="4">Test &#8212; passed</th></tr><tr class="passedeven"><td rowspan="1">com.ecstore.testcases.AddToCartTest</td><td><a href="#m10">addToCartTest</a></td><td rowspan="1">1690139255136</td><td rowspan="1">26902</td></tr><tr class="passedodd"><td rowspan="1">com.ecstore.testcases.CustomerAccountCreationTest</td><td><a href="#m11">verifyCustomerNewAccountCreation</a></td><td rowspan="1">1690139437713</td><td rowspan="1">19876</td></tr><tr class="passedeven"><td rowspan="2">com.ecstore.testcases.HomePageTest</td><td><a href="#m12">verifyLogo</a></td><td rowspan="1">1690139706480</td><td rowspan="1">5505</td></tr><tr class="passedeven"><td><a href="#m13">verifyTitle</a></td><td rowspan="1">1690139739576</td><td rowspan="1">115</td></tr><tr class="passedodd"><td rowspan="1">com.ecstore.testcases.LoginPageTest</td><td><a href="#m14">loginTest</a></td><td rowspan="1">1690139473388</td><td rowspan="1">26572</td></tr><tr class="passedeven"><td rowspan="2">com.ecstore.testcases.MyAccountPageTest</td><td><a href="#m15">validateOrderHistory</a></td><td rowspan="1">1690139168112</td><td rowspan="1">33012</td></tr><tr class="passedeven"><td><a href="#m16">validateWishList</a></td><td rowspan="1">1690139215990</td><td rowspan="1">26677</td></tr><tr class="passedodd"><td rowspan="2">com.ecstore.testcases.OrderConfirmedTest</td><td><a href="#m17">verifyOrderConfirmation</a></td><td rowspan="2">1690139520569</td><td rowspan="2">85013</td></tr><tr class="passedodd"><td><a href="#m18">verifyOrderConfirmation</a></td></tr><tr class="passedeven"><td rowspan="1">com.ecstore.testcases.ShoppingCartTest</td><td><a href="#m19">verifyTotalPrice</a></td><td rowspan="1">1690139799703</td><td rowspan="1">55587</td></tr></tbody></table><h2>Test</h2><h3 id="m0">com.ecstore.testcases.AddToCartTest#setup</h3><table class="result"><tr class="param"><th>Parameter #1</th></tr><tr class="param stripe"><td>Chrome</td></tr><tr><th>Exception</th></tr><tr><td><div class="stacktrace">org.openqa.selenium.SessionNotCreatedException: Could not start a new session. Response code 500. Message: session not created
from no such execution context: uniqueContextId not found
  (Session info: chrome=114.0.5735.199) 
Host info: host: &apos;VIBHAPURI&apos;, ip: &apos;192.168.29.53&apos;
Build info: version: &apos;4.8.3&apos;, revision: &apos;e5e76298c3&apos;
System info: os.name: &apos;Windows 10&apos;, os.arch: &apos;amd64&apos;, os.version: &apos;10.0&apos;, java.version: &apos;17.0.5&apos;
Driver info: org.openqa.selenium.chrome.ChromeDriver
Command: [null, newSession {capabilities=[Capabilities {browserName: chrome, goog:chromeOptions: {args: [--remote-allow-origins=*], extensions: []}}], desiredCapabilities=Capabilities {browserName: chrome, goog:chromeOptions: {args: [--remote-allow-origins=*], extensions: []}}}]
	at org.openqa.selenium.remote.ProtocolHandshake.createSession(ProtocolHandshake.java:148)
	at org.openqa.selenium.remote.ProtocolHandshake.createSession(ProtocolHandshake.java:106)
	at org.openqa.selenium.remote.ProtocolHandshake.createSession(ProtocolHandshake.java:67)
	at org.openqa.selenium.remote.HttpCommandExecutor.execute(HttpCommandExecutor.java:165)
	at org.openqa.selenium.remote.service.DriverCommandExecutor.invokeExecute(DriverCommandExecutor.java:183)
	at org.openqa.selenium.remote.service.DriverCommandExecutor.execute(DriverCommandExecutor.java:158)
	at org.openqa.selenium.remote.RemoteWebDriver.execute(RemoteWebDriver.java:543)
	at org.openqa.selenium.remote.RemoteWebDriver.startSession(RemoteWebDriver.java:229)
	at org.openqa.selenium.remote.RemoteWebDriver.&lt;init&gt;(RemoteWebDriver.java:157)
	at org.openqa.selenium.chromium.ChromiumDriver.&lt;init&gt;(ChromiumDriver.java:101)
	at org.openqa.selenium.chrome.ChromeDriver.&lt;init&gt;(ChromeDriver.java:88)
	at org.openqa.selenium.chrome.ChromeDriver.&lt;init&gt;(ChromeDriver.java:84)
	at org.openqa.selenium.chrome.ChromeDriver.&lt;init&gt;(ChromeDriver.java:52)
	at com.ecstore.base.BaseClass.launchApp(BaseClass.java:54)
	at com.ecstore.testcases.AddToCartTest.setup(AddToCartTest.java:43)
... Removed 26 stack frames</div></td></tr></table><p class="totop"><a href="#summary">back to summary</a></p><h3 id="m1">com.ecstore.testcases.SearchResultTest#setup</h3><table class="result"><tr class="param"><th>Parameter #1</th></tr><tr class="param stripe"><td>Chrome</td></tr><tr><th>Exception</th></tr><tr><td><div class="stacktrace">org.openqa.selenium.TimeoutException: timeout: Timed out receiving message from renderer: 25.656
  (Session info: chrome=114.0.5735.199)
Build info: version: &apos;4.8.3&apos;, revision: &apos;e5e76298c3&apos;
System info: os.name: &apos;Windows 10&apos;, os.arch: &apos;amd64&apos;, os.version: &apos;10.0&apos;, java.version: &apos;17.0.5&apos;
Driver info: org.openqa.selenium.chrome.ChromeDriver
Command: [1ca19d1c3e2261ccb22d45cb29241d7d, get {url=https://magento.softwaretestingboard.com/}]
Capabilities {acceptInsecureCerts: false, browserName: chrome, browserVersion: 114.0.5735.199, chrome: {chromedriverVersion: 114.0.5735.90 (386bc09e8f4f..., userDataDir: C:\Windows\SystemTemp\scope...}, goog:chromeOptions: {debuggerAddress: localhost:53768}, networkConnectionEnabled: false, pageLoadStrategy: normal, platformName: WINDOWS, proxy: Proxy(), se:cdp: ws://localhost:53768/devtoo..., se:cdpVersion: 114.0.5735.199, setWindowRect: true, strictFileInteractability: false, timeouts: {implicit: 0, pageLoad: 300000, script: 30000}, unhandledPromptBehavior: dismiss and notify, webauthn:extension:credBlob: true, webauthn:extension:largeBlob: true, webauthn:extension:minPinLength: true, webauthn:extension:prf: true, webauthn:virtualAuthenticators: true}
Session ID: 1ca19d1c3e2261ccb22d45cb29241d7d
	at org.openqa.selenium.remote.codec.w3c.W3CHttpResponseCodec.createException(W3CHttpResponseCodec.java:200)
	at org.openqa.selenium.remote.codec.w3c.W3CHttpResponseCodec.decode(W3CHttpResponseCodec.java:133)
	at org.openqa.selenium.remote.codec.w3c.W3CHttpResponseCodec.decode(W3CHttpResponseCodec.java:53)
	at org.openqa.selenium.remote.HttpCommandExecutor.execute(HttpCommandExecutor.java:193)
	at org.openqa.selenium.remote.service.DriverCommandExecutor.invokeExecute(DriverCommandExecutor.java:183)
	at org.openqa.selenium.remote.service.DriverCommandExecutor.execute(DriverCommandExecutor.java:158)
	at org.openqa.selenium.remote.RemoteWebDriver.execute(RemoteWebDriver.java:543)
	at org.openqa.selenium.remote.RemoteWebDriver.get(RemoteWebDriver.java:297)
	at com.ecstore.base.BaseClass.launchApp(BaseClass.java:66)
	at com.ecstore.testcases.SearchResultTest.setup(SearchResultTest.java:21)
... Removed 31 stack frames</div></td></tr></table><p class="totop"><a href="#summary">back to summary</a></p><h3 id="m2">com.ecstore.testcases.CustomerAccountCreationTest#createAccountTest</h3><table class="result"><tr class="param"><th>Parameter #1</th></tr><tr class="param stripe"><td>{FirstName=AbcUser, Confirm Password=123@ABCD, Email =abc1@gmail.com, LastName=UserLN, Password=123@ABCD}</td></tr><tr><th>Exception</th></tr><tr><td><div class="stacktrace">java.lang.AssertionError: expected [https://magento.softwaretestingboard.com/customer/account/create/] but found [https://magento.softwaretestingboard.com/customer/account/]
	at com.ecstore.testcases.CustomerAccountCreationTest.createAccountTest(CustomerAccountCreationTest.java:87)
... Removed 29 stack frames</div></td></tr></table><p class="totop"><a href="#summary">back to summary</a></p><h3 id="m3">com.ecstore.testcases.CustomerAccountCreationTest#createAccountTest</h3><table class="result"><tr class="param"><th>Parameter #1</th></tr><tr class="param stripe"><td>{FirstName=SecondUser, Confirm Password=EDFG@123, Email =abc123@xyz.com, LastName=UserTest2, Password=EDFG@123}</td></tr><tr><th>Exception</th></tr><tr><td><div class="stacktrace">java.lang.AssertionError: expected [https://magento.softwaretestingboard.com/customer/account/create/] but found [https://magento.softwaretestingboard.com/customer/account/]
	at com.ecstore.testcases.CustomerAccountCreationTest.createAccountTest(CustomerAccountCreationTest.java:87)
... Removed 29 stack frames</div></td></tr></table><p class="totop"><a href="#summary">back to summary</a></p><h3 id="m4">com.ecstore.testcases.HomePageTest#verifyTitleError</h3><table class="result"><tr><th>Exception</th></tr><tr><td><div class="stacktrace">java.lang.AssertionError: expected:&lt;Home Page&gt; but was:&lt;Home Page1&gt;
	at com.ecstore.testcases.HomePageTest.verifyTitleError(HomePageTest.java:49)
... Removed 26 stack frames</div></td></tr></table><p class="totop"><a href="#summary">back to summary</a></p><h3 id="m5">com.ecstore.testcases.AddToCartTest#afterSuite</h3><table class="result"></table><p class="totop"><a href="#summary">back to summary</a></p><h3 id="m6">com.ecstore.testcases.AddToCartTest#tearDown</h3><table class="result"></table><p class="totop"><a href="#summary">back to summary</a></p><h3 id="m7">com.ecstore.testcases.SearchResultTest#tearDown</h3><table class="result"></table><p class="totop"><a href="#summary">back to summary</a></p><h3 id="m8">com.ecstore.testcases.AddToCartTest#addToCartTest</h3><table class="result"><tr class="param"><th>Parameter #1</th><th>Parameter #2</th><th>Parameter #3</th><th>Parameter #4</th></tr><tr class="param stripe"><td>t-shirt</td><td>3.0</td><td>M</td><td>Blue</td></tr></table><p class="totop"><a href="#summary">back to summary</a></p><h3 id="m9">com.ecstore.testcases.SearchResultTest#searchProduct</h3><table class="result"></table><p class="totop"><a href="#summary">back to summary</a></p><h3 id="m10">com.ecstore.testcases.AddToCartTest#addToCartTest</h3><table class="result"><tr class="param"><th>Parameter #1</th><th>Parameter #2</th><th>Parameter #3</th><th>Parameter #4</th></tr><tr class="param stripe"><td>t-shirt</td><td>2.0</td><td>S</td><td>Purple</td></tr></table><p class="totop"><a href="#summary">back to summary</a></p><h3 id="m11">com.ecstore.testcases.CustomerAccountCreationTest#verifyCustomerNewAccountCreation</h3><table class="result"></table><p class="totop"><a href="#summary">back to summary</a></p><h3 id="m12">com.ecstore.testcases.HomePageTest#verifyLogo</h3><table class="result"></table><p class="totop"><a href="#summary">back to summary</a></p><h3 id="m13">com.ecstore.testcases.HomePageTest#verifyTitle</h3><table class="result"></table><p class="totop"><a href="#summary">back to summary</a></p><h3 id="m14">com.ecstore.testcases.LoginPageTest#loginTest</h3><table class="result"><tr class="param"><th>Parameter #1</th><th>Parameter #2</th></tr><tr class="param stripe"><td>vpdp@gmail.com</td><td>vpdp@12345P</td></tr></table><p class="totop"><a href="#summary">back to summary</a></p><h3 id="m15">com.ecstore.testcases.MyAccountPageTest#validateOrderHistory</h3><table class="result"></table><p class="totop"><a href="#summary">back to summary</a></p><h3 id="m16">com.ecstore.testcases.MyAccountPageTest#validateWishList</h3><table class="result"></table><p class="totop"><a href="#summary">back to summary</a></p><h3 id="m17">com.ecstore.testcases.OrderConfirmedTest#verifyOrderConfirmation</h3><table class="result"><tr class="param"><th>Parameter #1</th><th>Parameter #2</th><th>Parameter #3</th><th>Parameter #4</th></tr><tr class="param stripe"><td>t-shirt</td><td>2.0</td><td>S</td><td>Purple</td></tr></table><p class="totop"><a href="#summary">back to summary</a></p><h3 id="m18">com.ecstore.testcases.OrderConfirmedTest#verifyOrderConfirmation</h3><table class="result"><tr class="param"><th>Parameter #1</th><th>Parameter #2</th><th>Parameter #3</th><th>Parameter #4</th></tr><tr class="param stripe"><td>t-shirt</td><td>3.0</td><td>M</td><td>Blue</td></tr></table><p class="totop"><a href="#summary">back to summary</a></p><h3 id="m19">com.ecstore.testcases.ShoppingCartTest#verifyTotalPrice</h3><table class="result"></table><p class="totop"><a href="#summary">back to summary</a></p></body></html>