<?xml version="1.0" encoding="UTF-8"?>
<testng-results skipped="0" failed="4" total="15" passed="11">
  <reporter-output>
  </reporter-output>
  <suite name="Suite" duration-ms="396428" started-at="2023-05-02T16:01:32Z" finished-at="2023-05-02T16:08:08Z">
    <groups>
      <group name="Sanity">
        <method signature="AddToCartTest.addToCartTest(java.lang.String, java.lang.String, java.lang.String, java.lang.String)[pri:0, instance:com.ecstore.testcases.AddToCartTest@3b96c42e]" name="addToCartTest" class="com.ecstore.testcases.AddToCartTest"/>
        <method signature="CustomerAccountCreationTest.verifyCustomerNewAccountCreation()[pri:0, instance:com.ecstore.testcases.CustomerAccountCreationTest@1e461e41]" name="verifyCustomerNewAccountCreation" class="com.ecstore.testcases.CustomerAccountCreationTest"/>
        <method signature="LoginPageTest.loginTest(java.lang.String, java.lang.String)[pri:0, instance:com.ecstore.testcases.LoginPageTest@30e868be]" name="loginTest" class="com.ecstore.testcases.LoginPageTest"/>
      </group> <!-- Sanity -->
      <group name="Regression">
        <method signature="AddToCartTest.addToCartTest(java.lang.String, java.lang.String, java.lang.String, java.lang.String)[pri:0, instance:com.ecstore.testcases.AddToCartTest@3b96c42e]" name="addToCartTest" class="com.ecstore.testcases.AddToCartTest"/>
        <method signature="CustomerAccountCreationTest.createAccountTest(java.util.HashMap)[pri:0, instance:com.ecstore.testcases.CustomerAccountCreationTest@1e461e41]" name="createAccountTest" class="com.ecstore.testcases.CustomerAccountCreationTest"/>
        <method signature="OrderConfirmedTest.verifyOrderConfirmation(java.lang.String, java.lang.String, java.lang.String, java.lang.String)[pri:0, instance:com.ecstore.testcases.OrderConfirmedTest@3899782c]" name="verifyOrderConfirmation" class="com.ecstore.testcases.OrderConfirmedTest"/>
        <method signature="ShoppingCartTest.verifyTotalPrice()[pri:0, instance:com.ecstore.testcases.ShoppingCartTest@141e5bef]" name="verifyTotalPrice" class="com.ecstore.testcases.ShoppingCartTest"/>
      </group> <!-- Regression -->
      <group name="Smoke">
        <method signature="HomePageTest.verifyLogo()[pri:0, instance:com.ecstore.testcases.HomePageTest@5ba88be8]" name="verifyLogo" class="com.ecstore.testcases.HomePageTest"/>
        <method signature="HomePageTest.verifyTitle()[pri:0, instance:com.ecstore.testcases.HomePageTest@5ba88be8]" name="verifyTitle" class="com.ecstore.testcases.HomePageTest"/>
        <method signature="HomePageTest.verifyTitleError()[pri:0, instance:com.ecstore.testcases.HomePageTest@5ba88be8]" name="verifyTitleError" class="com.ecstore.testcases.HomePageTest"/>
        <method signature="LoginPageTest.loginTest(java.lang.String, java.lang.String)[pri:0, instance:com.ecstore.testcases.LoginPageTest@30e868be]" name="loginTest" class="com.ecstore.testcases.LoginPageTest"/>
        <method signature="MyAccountPageTest.validateOrderHistory()[pri:0, instance:com.ecstore.testcases.MyAccountPageTest@1603cd68]" name="validateOrderHistory" class="com.ecstore.testcases.MyAccountPageTest"/>
        <method signature="MyAccountPageTest.validateWishList()[pri:0, instance:com.ecstore.testcases.MyAccountPageTest@1603cd68]" name="validateWishList" class="com.ecstore.testcases.MyAccountPageTest"/>
        <method signature="SearchResultTest.searchProduct()[pri:0, instance:com.ecstore.testcases.SearchResultTest@56928307]" name="searchProduct" class="com.ecstore.testcases.SearchResultTest"/>
      </group> <!-- Smoke -->
    </groups>
    <test name="Test" duration-ms="396428" started-at="2023-05-02T16:01:32Z" finished-at="2023-05-02T16:08:08Z">
      <class name="com.ecstore.testcases.OrderConfirmedTest">
        <test-method status="PASS" signature="setup(java.lang.String)[pri:0, instance:com.ecstore.testcases.OrderConfirmedTest@3899782c]" name="setup" is-config="true" duration-ms="6946" started-at="2023-05-02T21:34:16Z" finished-at="2023-05-02T21:34:23Z">
          <params>
            <param index="0">
              <value>
                <![CDATA[Chrome]]>
              </value>
            </param>
          </params>
          <reporter-output>
          </reporter-output>
        </test-method> <!-- setup -->
        <test-method status="FAIL" signature="verifyOrderConfirmation(java.lang.String, java.lang.String, java.lang.String, java.lang.String)[pri:0, instance:com.ecstore.testcases.OrderConfirmedTest@3899782c]" name="verifyOrderConfirmation" duration-ms="91885" started-at="2023-05-02T21:34:23Z" data-provider="getProduct" finished-at="2023-05-02T21:35:55Z">
          <params>
            <param index="0">
              <value>
                <![CDATA[t-shirt]]>
              </value>
            </param>
            <param index="1">
              <value>
                <![CDATA[2.0]]>
              </value>
            </param>
            <param index="2">
              <value>
                <![CDATA[S]]>
              </value>
            </param>
            <param index="3">
              <value>
                <![CDATA[Purple]]>
              </value>
            </param>
          </params>
          <exception class="org.openqa.selenium.TimeoutException">
            <message>
              <![CDATA[Expected condition failed: waiting for visibility of [[ChromeDriver: chrome on MAC (866e48302571329743ba73e9854dbe61)] -> xpath: //span[text()='Place Order']] (tried for 60 second(s) with 500 milliseconds interval)]]>
            </message>
            <full-stacktrace>
              <![CDATA[org.openqa.selenium.TimeoutException: Expected condition failed: waiting for visibility of [[ChromeDriver: chrome on MAC (866e48302571329743ba73e9854dbe61)] -> xpath: //span[text()='Place Order']] (tried for 60 second(s) with 500 milliseconds interval)
	at org.openqa.selenium.support.ui.WebDriverWait.timeoutException(WebDriverWait.java:87)
	at org.openqa.selenium.support.ui.FluentWait.until(FluentWait.java:231)
	at com.ecstore.webdriveractions.WebActions.explicitWait(WebActions.java:702)
	at com.ecstore.pageobjects.ReviewAndPaymentPage.clickOnSignIn(ReviewAndPaymentPage.java:22)
	at com.ecstore.testcases.OrderConfirmedTest.verifyOrderConfirmation(OrderConfirmedTest.java:75)
	at sun.reflect.NativeMethodAccessorImpl.invoke0(Native Method)
	at sun.reflect.NativeMethodAccessorImpl.invoke(NativeMethodAccessorImpl.java:62)
	at sun.reflect.DelegatingMethodAccessorImpl.invoke(DelegatingMethodAccessorImpl.java:43)
	at java.lang.reflect.Method.invoke(Method.java:498)
	at org.testng.internal.MethodInvocationHelper.invokeMethod(MethodInvocationHelper.java:84)
	at org.testng.internal.Invoker.invokeMethod(Invoker.java:714)
	at org.testng.internal.Invoker.invokeTestMethod(Invoker.java:901)
	at org.testng.internal.Invoker.invokeTestMethods(Invoker.java:1231)
	at org.testng.internal.TestMethodWorker.invokeTestMethods(TestMethodWorker.java:127)
	at org.testng.internal.TestMethodWorker.run(TestMethodWorker.java:111)
	at org.testng.TestRunner.privateRun(TestRunner.java:767)
	at org.testng.TestRunner.run(TestRunner.java:617)
	at org.testng.SuiteRunner.runTest(SuiteRunner.java:334)
	at org.testng.SuiteRunner.runSequentially(SuiteRunner.java:329)
	at org.testng.SuiteRunner.privateRun(SuiteRunner.java:291)
	at org.testng.SuiteRunner.run(SuiteRunner.java:240)
	at org.testng.SuiteRunnerWorker.runSuite(SuiteRunnerWorker.java:52)
	at org.testng.SuiteRunnerWorker.run(SuiteRunnerWorker.java:86)
	at org.testng.TestNG.runSuitesSequentially(TestNG.java:1224)
	at org.testng.TestNG.runSuitesLocally(TestNG.java:1149)
	at org.testng.TestNG.run(TestNG.java:1057)
	at org.testng.remote.AbstractRemoteTestNG.run(AbstractRemoteTestNG.java:115)
	at org.testng.remote.RemoteTestNG.initAndRun(RemoteTestNG.java:251)
	at org.testng.remote.RemoteTestNG.main(RemoteTestNG.java:77)
Caused by: org.openqa.selenium.NoSuchElementException: no such element: Unable to locate element: {"method":"xpath","selector":"//span[text()='Place Order']"}
  (Session info: chrome=112.0.5615.137)
For documentation on this error, please visit: https://selenium.dev/exceptions/#no_such_element
Build info: version: '4.8.3', revision: 'e5e76298c3'
System info: os.name: 'Mac OS X', os.arch: 'x86_64', os.version: '10.16', java.version: '1.8.0_301'
Driver info: org.openqa.selenium.chrome.ChromeDriver
Command: [866e48302571329743ba73e9854dbe61, findElement {using=xpath, value=//span[text()='Place Order']}]
Capabilities {acceptInsecureCerts: false, browserName: chrome, browserVersion: 112.0.5615.137, chrome: {chromedriverVersion: 112.0.5615.49 (bd2a7bcb881c..., userDataDir: /var/folders/12/nh0c3x4s7ll...}, goog:chromeOptions: {debuggerAddress: localhost:56595}, networkConnectionEnabled: false, pageLoadStrategy: normal, platformName: MAC, proxy: Proxy(), se:cdp: ws://localhost:56595/devtoo..., se:cdpVersion: 112.0.5615.137, setWindowRect: true, strictFileInteractability: false, timeouts: {implicit: 0, pageLoad: 300000, script: 30000}, unhandledPromptBehavior: dismiss and notify, webauthn:extension:credBlob: true, webauthn:extension:largeBlob: true, webauthn:extension:minPinLength: true, webauthn:extension:prf: true, webauthn:virtualAuthenticators: true}
Session ID: 866e48302571329743ba73e9854dbe61
	at sun.reflect.NativeConstructorAccessorImpl.newInstance0(Native Method)
	at sun.reflect.NativeConstructorAccessorImpl.newInstance(NativeConstructorAccessorImpl.java:62)
	at sun.reflect.DelegatingConstructorAccessorImpl.newInstance(DelegatingConstructorAccessorImpl.java:45)
	at java.lang.reflect.Constructor.newInstance(Constructor.java:423)
	at org.openqa.selenium.remote.codec.w3c.W3CHttpResponseCodec.createException(W3CHttpResponseCodec.java:200)
	at org.openqa.selenium.remote.codec.w3c.W3CHttpResponseCodec.decode(W3CHttpResponseCodec.java:133)
	at org.openqa.selenium.remote.codec.w3c.W3CHttpResponseCodec.decode(W3CHttpResponseCodec.java:53)
	at org.openqa.selenium.remote.HttpCommandExecutor.execute(HttpCommandExecutor.java:193)
	at org.openqa.selenium.remote.service.DriverCommandExecutor.invokeExecute(DriverCommandExecutor.java:183)
	at org.openqa.selenium.remote.service.DriverCommandExecutor.execute(DriverCommandExecutor.java:158)
	at org.openqa.selenium.remote.RemoteWebDriver.execute(RemoteWebDriver.java:543)
	at org.openqa.selenium.remote.ElementLocation$ElementFinder$2.findElement(ElementLocation.java:162)
	at org.openqa.selenium.remote.ElementLocation.findElement(ElementLocation.java:60)
	at org.openqa.selenium.remote.RemoteWebDriver.findElement(RemoteWebDriver.java:352)
	at org.openqa.selenium.remote.RemoteWebDriver.findElement(RemoteWebDriver.java:344)
	at org.openqa.selenium.support.pagefactory.DefaultElementLocator.findElement(DefaultElementLocator.java:70)
	at org.openqa.selenium.support.pagefactory.internal.LocatingElementHandler.invoke(LocatingElementHandler.java:39)
	at com.sun.proxy.$Proxy18.isDisplayed(Unknown Source)
	at org.openqa.selenium.support.ui.ExpectedConditions.elementIfVisible(ExpectedConditions.java:307)
	at org.openqa.selenium.support.ui.ExpectedConditions.access$000(ExpectedConditions.java:40)
	at org.openqa.selenium.support.ui.ExpectedConditions$10.apply(ExpectedConditions.java:293)
	at org.openqa.selenium.support.ui.ExpectedConditions$10.apply(ExpectedConditions.java:290)
	at org.openqa.selenium.support.ui.FluentWait.until(FluentWait.java:208)
	... 27 more
]]>
            </full-stacktrace>
          </exception> <!-- org.openqa.selenium.TimeoutException -->
          <reporter-output>
          </reporter-output>
        </test-method> <!-- verifyOrderConfirmation -->
        <test-method status="PASS" signature="tearDown()[pri:0, instance:com.ecstore.testcases.OrderConfirmedTest@3899782c]" name="tearDown" is-config="true" duration-ms="268" started-at="2023-05-02T21:35:56Z" finished-at="2023-05-02T21:35:56Z">
          <reporter-output>
          </reporter-output>
        </test-method> <!-- tearDown -->
        <test-method status="PASS" signature="setup(java.lang.String)[pri:0, instance:com.ecstore.testcases.OrderConfirmedTest@3899782c]" name="setup" is-config="true" duration-ms="25555" started-at="2023-05-02T21:35:56Z" finished-at="2023-05-02T21:36:22Z">
          <params>
            <param index="0">
              <value>
                <![CDATA[Chrome]]>
              </value>
            </param>
          </params>
          <reporter-output>
          </reporter-output>
        </test-method> <!-- setup -->
        <test-method status="PASS" signature="verifyOrderConfirmation(java.lang.String, java.lang.String, java.lang.String, java.lang.String)[pri:0, instance:com.ecstore.testcases.OrderConfirmedTest@3899782c]" name="verifyOrderConfirmation" duration-ms="45407" started-at="2023-05-02T21:36:22Z" data-provider="getProduct" finished-at="2023-05-02T21:37:07Z">
          <params>
            <param index="0">
              <value>
                <![CDATA[t-shirt]]>
              </value>
            </param>
            <param index="1">
              <value>
                <![CDATA[3.0]]>
              </value>
            </param>
            <param index="2">
              <value>
                <![CDATA[M]]>
              </value>
            </param>
            <param index="3">
              <value>
                <![CDATA[Blue]]>
              </value>
            </param>
          </params>
          <reporter-output>
          </reporter-output>
        </test-method> <!-- verifyOrderConfirmation -->
        <test-method status="PASS" signature="tearDown()[pri:0, instance:com.ecstore.testcases.OrderConfirmedTest@3899782c]" name="tearDown" is-config="true" duration-ms="208" started-at="2023-05-02T21:37:07Z" finished-at="2023-05-02T21:37:07Z">
          <reporter-output>
          </reporter-output>
        </test-method> <!-- tearDown -->
      </class> <!-- com.ecstore.testcases.OrderConfirmedTest -->
      <class name="com.ecstore.testcases.ShoppingCartTest">
        <test-method status="PASS" signature="loadConfig()[pri:0, instance:com.ecstore.testcases.ShoppingCartTest@141e5bef]" name="loadConfig" is-config="true" duration-ms="127" started-at="2023-05-02T21:31:32Z" finished-at="2023-05-02T21:31:32Z">
          <reporter-output>
          </reporter-output>
        </test-method> <!-- loadConfig -->
        <test-method status="PASS" signature="setup(java.lang.String)[pri:0, instance:com.ecstore.testcases.ShoppingCartTest@141e5bef]" name="setup" is-config="true" duration-ms="15414" started-at="2023-05-02T21:37:40Z" finished-at="2023-05-02T21:37:55Z">
          <params>
            <param index="0">
              <value>
                <![CDATA[Chrome]]>
              </value>
            </param>
          </params>
          <reporter-output>
          </reporter-output>
        </test-method> <!-- setup -->
        <test-method status="PASS" signature="verifyTotalPrice()[pri:0, instance:com.ecstore.testcases.ShoppingCartTest@141e5bef]" name="verifyTotalPrice" duration-ms="12585" started-at="2023-05-02T21:37:55Z" finished-at="2023-05-02T21:38:08Z">
          <reporter-output>
          </reporter-output>
        </test-method> <!-- verifyTotalPrice -->
        <test-method status="PASS" signature="tearDown()[pri:0, instance:com.ecstore.testcases.ShoppingCartTest@141e5bef]" name="tearDown" is-config="true" duration-ms="212" started-at="2023-05-02T21:38:08Z" finished-at="2023-05-02T21:38:08Z">
          <reporter-output>
          </reporter-output>
        </test-method> <!-- tearDown -->
        <test-method status="PASS" signature="afterSuite()[pri:0, instance:com.ecstore.testcases.ShoppingCartTest@141e5bef]" name="afterSuite" is-config="true" duration-ms="65" started-at="2023-05-02T21:38:09Z" finished-at="2023-05-02T21:38:09Z">
          <reporter-output>
          </reporter-output>
        </test-method> <!-- afterSuite -->
      </class> <!-- com.ecstore.testcases.ShoppingCartTest -->
      <class name="com.ecstore.testcases.SearchResultTest">
        <test-method status="PASS" signature="setup(java.lang.String)[pri:0, instance:com.ecstore.testcases.SearchResultTest@56928307]" name="setup" is-config="true" duration-ms="15576" started-at="2023-05-02T21:31:32Z" finished-at="2023-05-02T21:31:47Z">
          <params>
            <param index="0">
              <value>
                <![CDATA[Chrome]]>
              </value>
            </param>
          </params>
          <reporter-output>
          </reporter-output>
        </test-method> <!-- setup -->
        <test-method status="PASS" signature="searchProduct()[pri:0, instance:com.ecstore.testcases.SearchResultTest@56928307]" name="searchProduct" duration-ms="5492" started-at="2023-05-02T21:31:47Z" finished-at="2023-05-02T21:31:53Z">
          <reporter-output>
          </reporter-output>
        </test-method> <!-- searchProduct -->
        <test-method status="PASS" signature="tearDown()[pri:0, instance:com.ecstore.testcases.SearchResultTest@56928307]" name="tearDown" is-config="true" duration-ms="159" started-at="2023-05-02T21:31:53Z" finished-at="2023-05-02T21:31:53Z">
          <reporter-output>
          </reporter-output>
        </test-method> <!-- tearDown -->
      </class> <!-- com.ecstore.testcases.SearchResultTest -->
      <class name="com.ecstore.testcases.CustomerAccountCreationTest">
        <test-method status="PASS" signature="setup(java.lang.String)[pri:0, instance:com.ecstore.testcases.CustomerAccountCreationTest@1e461e41]" name="setup" is-config="true" duration-ms="6676" started-at="2023-05-02T21:33:06Z" finished-at="2023-05-02T21:33:13Z">
          <params>
            <param index="0">
              <value>
                <![CDATA[Chrome]]>
              </value>
            </param>
          </params>
          <reporter-output>
          </reporter-output>
        </test-method> <!-- setup -->
        <test-method status="FAIL" signature="createAccountTest(java.util.HashMap)[pri:0, instance:com.ecstore.testcases.CustomerAccountCreationTest@1e461e41]" name="createAccountTest" duration-ms="6364" started-at="2023-05-02T21:33:13Z" data-provider="newAcountCreationData" finished-at="2023-05-02T21:33:19Z">
          <params>
            <param index="0">
              <value>
                <![CDATA[{FirstName=AbcUser, Confirm Password=123@ABCD, Email =abc1@gmail.com, LastName=UserLN, Password=123@ABCD}]]>
              </value>
            </param>
          </params>
          <exception class="java.lang.AssertionError">
            <message>
              <![CDATA[expected [https://magento.softwaretestingboard.com/customer/account/create/] but found [https://magento.softwaretestingboard.com/customer/account/]]]>
            </message>
            <full-stacktrace>
              <![CDATA[java.lang.AssertionError: expected [https://magento.softwaretestingboard.com/customer/account/create/] but found [https://magento.softwaretestingboard.com/customer/account/]
	at org.testng.Assert.fail(Assert.java:94)
	at org.testng.Assert.failNotEquals(Assert.java:494)
	at org.testng.Assert.assertEquals(Assert.java:123)
	at org.testng.Assert.assertEquals(Assert.java:176)
	at org.testng.Assert.assertEquals(Assert.java:186)
	at com.ecstore.testcases.CustomerAccountCreationTest.createAccountTest(CustomerAccountCreationTest.java:87)
	at sun.reflect.NativeMethodAccessorImpl.invoke0(Native Method)
	at sun.reflect.NativeMethodAccessorImpl.invoke(NativeMethodAccessorImpl.java:62)
	at sun.reflect.DelegatingMethodAccessorImpl.invoke(DelegatingMethodAccessorImpl.java:43)
	at java.lang.reflect.Method.invoke(Method.java:498)
	at org.testng.internal.MethodInvocationHelper.invokeMethod(MethodInvocationHelper.java:84)
	at org.testng.internal.Invoker.invokeMethod(Invoker.java:714)
	at org.testng.internal.Invoker.invokeTestMethod(Invoker.java:901)
	at org.testng.internal.Invoker.invokeTestMethods(Invoker.java:1231)
	at org.testng.internal.TestMethodWorker.invokeTestMethods(TestMethodWorker.java:127)
	at org.testng.internal.TestMethodWorker.run(TestMethodWorker.java:111)
	at org.testng.TestRunner.privateRun(TestRunner.java:767)
	at org.testng.TestRunner.run(TestRunner.java:617)
	at org.testng.SuiteRunner.runTest(SuiteRunner.java:334)
	at org.testng.SuiteRunner.runSequentially(SuiteRunner.java:329)
	at org.testng.SuiteRunner.privateRun(SuiteRunner.java:291)
	at org.testng.SuiteRunner.run(SuiteRunner.java:240)
	at org.testng.SuiteRunnerWorker.runSuite(SuiteRunnerWorker.java:52)
	at org.testng.SuiteRunnerWorker.run(SuiteRunnerWorker.java:86)
	at org.testng.TestNG.runSuitesSequentially(TestNG.java:1224)
	at org.testng.TestNG.runSuitesLocally(TestNG.java:1149)
	at org.testng.TestNG.run(TestNG.java:1057)
	at org.testng.remote.AbstractRemoteTestNG.run(AbstractRemoteTestNG.java:115)
	at org.testng.remote.RemoteTestNG.initAndRun(RemoteTestNG.java:251)
	at org.testng.remote.RemoteTestNG.main(RemoteTestNG.java:77)
]]>
            </full-stacktrace>
          </exception> <!-- java.lang.AssertionError -->
          <reporter-output>
          </reporter-output>
        </test-method> <!-- createAccountTest -->
        <test-method status="PASS" signature="tearDown()[pri:0, instance:com.ecstore.testcases.CustomerAccountCreationTest@1e461e41]" name="tearDown" is-config="true" duration-ms="163" started-at="2023-05-02T21:33:19Z" finished-at="2023-05-02T21:33:19Z">
          <reporter-output>
          </reporter-output>
        </test-method> <!-- tearDown -->
        <test-method status="PASS" signature="setup(java.lang.String)[pri:0, instance:com.ecstore.testcases.CustomerAccountCreationTest@1e461e41]" name="setup" is-config="true" duration-ms="14997" started-at="2023-05-02T21:33:19Z" finished-at="2023-05-02T21:33:34Z">
          <params>
            <param index="0">
              <value>
                <![CDATA[Chrome]]>
              </value>
            </param>
          </params>
          <reporter-output>
          </reporter-output>
        </test-method> <!-- setup -->
        <test-method status="FAIL" signature="createAccountTest(java.util.HashMap)[pri:0, instance:com.ecstore.testcases.CustomerAccountCreationTest@1e461e41]" name="createAccountTest" duration-ms="6959" started-at="2023-05-02T21:33:34Z" data-provider="newAcountCreationData" finished-at="2023-05-02T21:33:41Z">
          <params>
            <param index="0">
              <value>
                <![CDATA[{FirstName=SecondUser, Confirm Password=EDFG@123, Email =abc123@xyz.com, LastName=UserTest2, Password=EDFG@123}]]>
              </value>
            </param>
          </params>
          <exception class="java.lang.AssertionError">
            <message>
              <![CDATA[expected [https://magento.softwaretestingboard.com/customer/account/create/] but found [https://magento.softwaretestingboard.com/customer/account/]]]>
            </message>
            <full-stacktrace>
              <![CDATA[java.lang.AssertionError: expected [https://magento.softwaretestingboard.com/customer/account/create/] but found [https://magento.softwaretestingboard.com/customer/account/]
	at org.testng.Assert.fail(Assert.java:94)
	at org.testng.Assert.failNotEquals(Assert.java:494)
	at org.testng.Assert.assertEquals(Assert.java:123)
	at org.testng.Assert.assertEquals(Assert.java:176)
	at org.testng.Assert.assertEquals(Assert.java:186)
	at com.ecstore.testcases.CustomerAccountCreationTest.createAccountTest(CustomerAccountCreationTest.java:87)
	at sun.reflect.NativeMethodAccessorImpl.invoke0(Native Method)
	at sun.reflect.NativeMethodAccessorImpl.invoke(NativeMethodAccessorImpl.java:62)
	at sun.reflect.DelegatingMethodAccessorImpl.invoke(DelegatingMethodAccessorImpl.java:43)
	at java.lang.reflect.Method.invoke(Method.java:498)
	at org.testng.internal.MethodInvocationHelper.invokeMethod(MethodInvocationHelper.java:84)
	at org.testng.internal.Invoker.invokeMethod(Invoker.java:714)
	at org.testng.internal.Invoker.invokeTestMethod(Invoker.java:901)
	at org.testng.internal.Invoker.invokeTestMethods(Invoker.java:1231)
	at org.testng.internal.TestMethodWorker.invokeTestMethods(TestMethodWorker.java:127)
	at org.testng.internal.TestMethodWorker.run(TestMethodWorker.java:111)
	at org.testng.TestRunner.privateRun(TestRunner.java:767)
	at org.testng.TestRunner.run(TestRunner.java:617)
	at org.testng.SuiteRunner.runTest(SuiteRunner.java:334)
	at org.testng.SuiteRunner.runSequentially(SuiteRunner.java:329)
	at org.testng.SuiteRunner.privateRun(SuiteRunner.java:291)
	at org.testng.SuiteRunner.run(SuiteRunner.java:240)
	at org.testng.SuiteRunnerWorker.runSuite(SuiteRunnerWorker.java:52)
	at org.testng.SuiteRunnerWorker.run(SuiteRunnerWorker.java:86)
	at org.testng.TestNG.runSuitesSequentially(TestNG.java:1224)
	at org.testng.TestNG.runSuitesLocally(TestNG.java:1149)
	at org.testng.TestNG.run(TestNG.java:1057)
	at org.testng.remote.AbstractRemoteTestNG.run(AbstractRemoteTestNG.java:115)
	at org.testng.remote.RemoteTestNG.initAndRun(RemoteTestNG.java:251)
	at org.testng.remote.RemoteTestNG.main(RemoteTestNG.java:77)
]]>
            </full-stacktrace>
          </exception> <!-- java.lang.AssertionError -->
          <reporter-output>
          </reporter-output>
        </test-method> <!-- createAccountTest -->
        <test-method status="PASS" signature="tearDown()[pri:0, instance:com.ecstore.testcases.CustomerAccountCreationTest@1e461e41]" name="tearDown" is-config="true" duration-ms="157" started-at="2023-05-02T21:33:42Z" finished-at="2023-05-02T21:33:42Z">
          <reporter-output>
          </reporter-output>
        </test-method> <!-- tearDown -->
        <test-method status="PASS" signature="setup(java.lang.String)[pri:0, instance:com.ecstore.testcases.CustomerAccountCreationTest@1e461e41]" name="setup" is-config="true" duration-ms="9587" started-at="2023-05-02T21:33:42Z" finished-at="2023-05-02T21:33:52Z">
          <params>
            <param index="0">
              <value>
                <![CDATA[Chrome]]>
              </value>
            </param>
          </params>
          <reporter-output>
          </reporter-output>
        </test-method> <!-- setup -->
        <test-method status="PASS" signature="verifyCustomerNewAccountCreation()[pri:0, instance:com.ecstore.testcases.CustomerAccountCreationTest@1e461e41]" name="verifyCustomerNewAccountCreation" duration-ms="3970" started-at="2023-05-02T21:33:52Z" finished-at="2023-05-02T21:33:55Z">
          <reporter-output>
          </reporter-output>
        </test-method> <!-- verifyCustomerNewAccountCreation -->
        <test-method status="PASS" signature="tearDown()[pri:0, instance:com.ecstore.testcases.CustomerAccountCreationTest@1e461e41]" name="tearDown" is-config="true" duration-ms="172" started-at="2023-05-02T21:33:55Z" finished-at="2023-05-02T21:33:56Z">
          <reporter-output>
          </reporter-output>
        </test-method> <!-- tearDown -->
      </class> <!-- com.ecstore.testcases.CustomerAccountCreationTest -->
      <class name="com.ecstore.testcases.MyAccountPageTest">
        <test-method status="PASS" signature="setup(java.lang.String)[pri:0, instance:com.ecstore.testcases.MyAccountPageTest@1603cd68]" name="setup" is-config="true" duration-ms="9201" started-at="2023-05-02T21:31:53Z" finished-at="2023-05-02T21:32:02Z">
          <params>
            <param index="0">
              <value>
                <![CDATA[Chrome]]>
              </value>
            </param>
          </params>
          <reporter-output>
          </reporter-output>
        </test-method> <!-- setup -->
        <test-method status="PASS" signature="validateOrderHistory()[pri:0, instance:com.ecstore.testcases.MyAccountPageTest@1603cd68]" name="validateOrderHistory" duration-ms="9678" started-at="2023-05-02T21:32:02Z" finished-at="2023-05-02T21:32:12Z">
          <reporter-output>
          </reporter-output>
        </test-method> <!-- validateOrderHistory -->
        <test-method status="PASS" signature="tearDown()[pri:0, instance:com.ecstore.testcases.MyAccountPageTest@1603cd68]" name="tearDown" is-config="true" duration-ms="155" started-at="2023-05-02T21:32:12Z" finished-at="2023-05-02T21:32:12Z">
          <reporter-output>
          </reporter-output>
        </test-method> <!-- tearDown -->
        <test-method status="PASS" signature="setup(java.lang.String)[pri:0, instance:com.ecstore.testcases.MyAccountPageTest@1603cd68]" name="setup" is-config="true" duration-ms="11478" started-at="2023-05-02T21:32:12Z" finished-at="2023-05-02T21:32:23Z">
          <params>
            <param index="0">
              <value>
                <![CDATA[Chrome]]>
              </value>
            </param>
          </params>
          <reporter-output>
          </reporter-output>
        </test-method> <!-- setup -->
        <test-method status="PASS" signature="validateWishList()[pri:0, instance:com.ecstore.testcases.MyAccountPageTest@1603cd68]" name="validateWishList" duration-ms="9442" started-at="2023-05-02T21:32:23Z" finished-at="2023-05-02T21:32:33Z">
          <reporter-output>
          </reporter-output>
        </test-method> <!-- validateWishList -->
        <test-method status="PASS" signature="tearDown()[pri:0, instance:com.ecstore.testcases.MyAccountPageTest@1603cd68]" name="tearDown" is-config="true" duration-ms="163" started-at="2023-05-02T21:32:33Z" finished-at="2023-05-02T21:32:33Z">
          <reporter-output>
          </reporter-output>
        </test-method> <!-- tearDown -->
      </class> <!-- com.ecstore.testcases.MyAccountPageTest -->
      <class name="com.ecstore.testcases.HomePageTest">
        <test-method status="PASS" signature="setup(java.lang.String)[pri:0, instance:com.ecstore.testcases.HomePageTest@5ba88be8]" name="setup" is-config="true" duration-ms="5452" started-at="2023-05-02T21:37:07Z" finished-at="2023-05-02T21:37:13Z">
          <params>
            <param index="0">
              <value>
                <![CDATA[Chrome]]>
              </value>
            </param>
          </params>
          <reporter-output>
          </reporter-output>
        </test-method> <!-- setup -->
        <test-method status="PASS" signature="verifyLogo()[pri:0, instance:com.ecstore.testcases.HomePageTest@5ba88be8]" name="verifyLogo" duration-ms="42" started-at="2023-05-02T21:37:13Z" finished-at="2023-05-02T21:37:13Z">
          <reporter-output>
          </reporter-output>
        </test-method> <!-- verifyLogo -->
        <test-method status="PASS" signature="tearDown()[pri:0, instance:com.ecstore.testcases.HomePageTest@5ba88be8]" name="tearDown" is-config="true" duration-ms="118" started-at="2023-05-02T21:37:13Z" finished-at="2023-05-02T21:37:13Z">
          <reporter-output>
          </reporter-output>
        </test-method> <!-- tearDown -->
        <test-method status="PASS" signature="setup(java.lang.String)[pri:0, instance:com.ecstore.testcases.HomePageTest@5ba88be8]" name="setup" is-config="true" duration-ms="12868" started-at="2023-05-02T21:37:13Z" finished-at="2023-05-02T21:37:26Z">
          <params>
            <param index="0">
              <value>
                <![CDATA[Chrome]]>
              </value>
            </param>
          </params>
          <reporter-output>
          </reporter-output>
        </test-method> <!-- setup -->
        <test-method status="PASS" signature="verifyTitle()[pri:0, instance:com.ecstore.testcases.HomePageTest@5ba88be8]" name="verifyTitle" duration-ms="5" started-at="2023-05-02T21:37:26Z" finished-at="2023-05-02T21:37:26Z">
          <reporter-output>
          </reporter-output>
        </test-method> <!-- verifyTitle -->
        <test-method status="PASS" signature="tearDown()[pri:0, instance:com.ecstore.testcases.HomePageTest@5ba88be8]" name="tearDown" is-config="true" duration-ms="159" started-at="2023-05-02T21:37:26Z" finished-at="2023-05-02T21:37:26Z">
          <reporter-output>
          </reporter-output>
        </test-method> <!-- tearDown -->
        <test-method status="PASS" signature="setup(java.lang.String)[pri:0, instance:com.ecstore.testcases.HomePageTest@5ba88be8]" name="setup" is-config="true" duration-ms="12803" started-at="2023-05-02T21:37:26Z" finished-at="2023-05-02T21:37:39Z">
          <params>
            <param index="0">
              <value>
                <![CDATA[Chrome]]>
              </value>
            </param>
          </params>
          <reporter-output>
          </reporter-output>
        </test-method> <!-- setup -->
        <test-method status="FAIL" signature="verifyTitleError()[pri:0, instance:com.ecstore.testcases.HomePageTest@5ba88be8]" name="verifyTitleError" duration-ms="5" started-at="2023-05-02T21:37:39Z" finished-at="2023-05-02T21:37:39Z">
          <exception class="java.lang.AssertionError">
            <message>
              <![CDATA[expected:<Home Page> but was:<Home Page1>]]>
            </message>
            <full-stacktrace>
              <![CDATA[java.lang.AssertionError: expected:<Home Page> but was:<Home Page1>
	at org.testng.AssertJUnit.assertEquals(AssertJUnit.java:101)
	at org.testng.AssertJUnit.assertEquals(AssertJUnit.java:108)
	at com.ecstore.testcases.HomePageTest.verifyTitleError(HomePageTest.java:49)
	at sun.reflect.NativeMethodAccessorImpl.invoke0(Native Method)
	at sun.reflect.NativeMethodAccessorImpl.invoke(NativeMethodAccessorImpl.java:62)
	at sun.reflect.DelegatingMethodAccessorImpl.invoke(DelegatingMethodAccessorImpl.java:43)
	at java.lang.reflect.Method.invoke(Method.java:498)
	at org.testng.internal.MethodInvocationHelper.invokeMethod(MethodInvocationHelper.java:84)
	at org.testng.internal.Invoker.invokeMethod(Invoker.java:714)
	at org.testng.internal.Invoker.invokeTestMethod(Invoker.java:901)
	at org.testng.internal.Invoker.invokeTestMethods(Invoker.java:1231)
	at org.testng.internal.TestMethodWorker.invokeTestMethods(TestMethodWorker.java:127)
	at org.testng.internal.TestMethodWorker.run(TestMethodWorker.java:111)
	at org.testng.TestRunner.privateRun(TestRunner.java:767)
	at org.testng.TestRunner.run(TestRunner.java:617)
	at org.testng.SuiteRunner.runTest(SuiteRunner.java:334)
	at org.testng.SuiteRunner.runSequentially(SuiteRunner.java:329)
	at org.testng.SuiteRunner.privateRun(SuiteRunner.java:291)
	at org.testng.SuiteRunner.run(SuiteRunner.java:240)
	at org.testng.SuiteRunnerWorker.runSuite(SuiteRunnerWorker.java:52)
	at org.testng.SuiteRunnerWorker.run(SuiteRunnerWorker.java:86)
	at org.testng.TestNG.runSuitesSequentially(TestNG.java:1224)
	at org.testng.TestNG.runSuitesLocally(TestNG.java:1149)
	at org.testng.TestNG.run(TestNG.java:1057)
	at org.testng.remote.AbstractRemoteTestNG.run(AbstractRemoteTestNG.java:115)
	at org.testng.remote.RemoteTestNG.initAndRun(RemoteTestNG.java:251)
	at org.testng.remote.RemoteTestNG.main(RemoteTestNG.java:77)
]]>
            </full-stacktrace>
          </exception> <!-- java.lang.AssertionError -->
          <reporter-output>
          </reporter-output>
        </test-method> <!-- verifyTitleError -->
        <test-method status="PASS" signature="tearDown()[pri:0, instance:com.ecstore.testcases.HomePageTest@5ba88be8]" name="tearDown" is-config="true" duration-ms="158" started-at="2023-05-02T21:37:40Z" finished-at="2023-05-02T21:37:40Z">
          <reporter-output>
          </reporter-output>
        </test-method> <!-- tearDown -->
      </class> <!-- com.ecstore.testcases.HomePageTest -->
      <class name="com.ecstore.testcases.LoginPageTest">
        <test-method status="PASS" signature="setup(java.lang.String)[pri:0, instance:com.ecstore.testcases.LoginPageTest@30e868be]" name="setup" is-config="true" duration-ms="13582" started-at="2023-05-02T21:33:56Z" finished-at="2023-05-02T21:34:09Z">
          <params>
            <param index="0">
              <value>
                <![CDATA[Chrome]]>
              </value>
            </param>
          </params>
          <reporter-output>
          </reporter-output>
        </test-method> <!-- setup -->
        <test-method status="PASS" signature="loginTest(java.lang.String, java.lang.String)[pri:0, instance:com.ecstore.testcases.LoginPageTest@30e868be]" name="loginTest" duration-ms="7097" started-at="2023-05-02T21:34:09Z" data-provider="credentials" finished-at="2023-05-02T21:34:16Z">
          <params>
            <param index="0">
              <value>
                <![CDATA[vpdp@gmail.com]]>
              </value>
            </param>
            <param index="1">
              <value>
                <![CDATA[vpdp@12345P]]>
              </value>
            </param>
          </params>
          <reporter-output>
          </reporter-output>
        </test-method> <!-- loginTest -->
        <test-method status="PASS" signature="tearDown()[pri:0, instance:com.ecstore.testcases.LoginPageTest@30e868be]" name="tearDown" is-config="true" duration-ms="160" started-at="2023-05-02T21:34:16Z" finished-at="2023-05-02T21:34:16Z">
          <reporter-output>
          </reporter-output>
        </test-method> <!-- tearDown -->
      </class> <!-- com.ecstore.testcases.LoginPageTest -->
      <class name="com.ecstore.testcases.AddToCartTest">
        <test-method status="PASS" signature="setup(java.lang.String)[pri:0, instance:com.ecstore.testcases.AddToCartTest@3b96c42e]" name="setup" is-config="true" duration-ms="4646" started-at="2023-05-02T21:32:33Z" finished-at="2023-05-02T21:32:38Z">
          <params>
            <param index="0">
              <value>
                <![CDATA[Chrome]]>
              </value>
            </param>
          </params>
          <reporter-output>
          </reporter-output>
        </test-method> <!-- setup -->
        <test-method status="PASS" signature="addToCartTest(java.lang.String, java.lang.String, java.lang.String, java.lang.String)[pri:0, instance:com.ecstore.testcases.AddToCartTest@3b96c42e]" name="addToCartTest" duration-ms="8257" started-at="2023-05-02T21:32:38Z" data-provider="getProduct" finished-at="2023-05-02T21:32:46Z">
          <params>
            <param index="0">
              <value>
                <![CDATA[t-shirt]]>
              </value>
            </param>
            <param index="1">
              <value>
                <![CDATA[2.0]]>
              </value>
            </param>
            <param index="2">
              <value>
                <![CDATA[S]]>
              </value>
            </param>
            <param index="3">
              <value>
                <![CDATA[Purple]]>
              </value>
            </param>
          </params>
          <reporter-output>
          </reporter-output>
        </test-method> <!-- addToCartTest -->
        <test-method status="PASS" signature="tearDown()[pri:0, instance:com.ecstore.testcases.AddToCartTest@3b96c42e]" name="tearDown" is-config="true" duration-ms="160" started-at="2023-05-02T21:32:46Z" finished-at="2023-05-02T21:32:46Z">
          <reporter-output>
          </reporter-output>
        </test-method> <!-- tearDown -->
        <test-method status="PASS" signature="setup(java.lang.String)[pri:0, instance:com.ecstore.testcases.AddToCartTest@3b96c42e]" name="setup" is-config="true" duration-ms="11091" started-at="2023-05-02T21:32:46Z" finished-at="2023-05-02T21:32:57Z">
          <params>
            <param index="0">
              <value>
                <![CDATA[Chrome]]>
              </value>
            </param>
          </params>
          <reporter-output>
          </reporter-output>
        </test-method> <!-- setup -->
        <test-method status="PASS" signature="addToCartTest(java.lang.String, java.lang.String, java.lang.String, java.lang.String)[pri:0, instance:com.ecstore.testcases.AddToCartTest@3b96c42e]" name="addToCartTest" duration-ms="8507" started-at="2023-05-02T21:32:57Z" data-provider="getProduct" finished-at="2023-05-02T21:33:06Z">
          <params>
            <param index="0">
              <value>
                <![CDATA[t-shirt]]>
              </value>
            </param>
            <param index="1">
              <value>
                <![CDATA[3.0]]>
              </value>
            </param>
            <param index="2">
              <value>
                <![CDATA[M]]>
              </value>
            </param>
            <param index="3">
              <value>
                <![CDATA[Blue]]>
              </value>
            </param>
          </params>
          <reporter-output>
          </reporter-output>
        </test-method> <!-- addToCartTest -->
        <test-method status="PASS" signature="tearDown()[pri:0, instance:com.ecstore.testcases.AddToCartTest@3b96c42e]" name="tearDown" is-config="true" duration-ms="163" started-at="2023-05-02T21:33:06Z" finished-at="2023-05-02T21:33:06Z">
          <reporter-output>
          </reporter-output>
        </test-method> <!-- tearDown -->
      </class> <!-- com.ecstore.testcases.AddToCartTest -->
    </test> <!-- Test -->
  </suite> <!-- Suite -->
</testng-results>
